hello
./datasets/cifarmnist2_10000.pt dataset not found. Creating dataset...
Files already downloaded and verified
Files already downloaded and verified
epoch           train_acc       test_acc        time         
0               0.84530         0.11500         6.09535      
10              0.86420         0.45700         0.68106      
20              0.50590         0.73300         0.68163      
30              0.44280         0.72800         0.68357      
40              0.40840         0.70600         0.68699      
0               0.00000         0.00000         39.59564     
./datasets/cifarmnist2_10000.pt dataset not found. Creating dataset...
Files already downloaded and verified
Files already downloaded and verified
epoch           train_acc       test_acc        time         
0               0.84540         0.11900         2.64893      
10              0.85240         0.35300         0.70821      
20              0.37730         0.66200         0.70831      
30              0.43580         0.60200         0.70585      
40              0.47130         0.61200         0.70328      
0               0.00000         0.00000         37.37314     
./datasets/cifarmnist2_10000.pt dataset not found. Creating dataset...
Files already downloaded and verified
Files already downloaded and verified
epoch           train_acc       test_acc        time         
0               0.84420         0.11600         2.43754      
10              0.85060         0.11200         0.71258      
20              0.50060         0.54400         0.71655      
30              0.45220         0.61200         0.71450      
40              0.44460         0.62900         0.71428      
0               0.00000         0.00000         37.46437     
./datasets/cifarmnist2_10000.pt dataset not found. Creating dataset...
Files already downloaded and verified
Files already downloaded and verified
epoch           train_acc       test_acc        time         
0               0.84680         0.11900         2.38289      
10              0.85410         0.21400         0.70352      
20              0.58070         0.42200         0.70288      
30              0.57460         0.37700         0.70331      
40              0.52510         0.44300         0.70268      
0               0.00000         0.00000         36.84252     
./datasets/cifarmnist2_10000.pt dataset not found. Creating dataset...
Files already downloaded and verified
Files already downloaded and verified
epoch           train_acc       test_acc        time         
0               0.84500         0.14500         2.29248      
10              0.85910         0.50000         0.70876      
20              0.53570         0.58100         0.70657      
30              0.47370         0.52000         0.70469      
40              0.46190         0.46500         0.70411      
0               0.00000         0.00000         36.87629     
./datasets/cifarmnist2_10000.pt dataset not found. Creating dataset...
Files already downloaded and verified
Files already downloaded and verified
epoch           train_acc       test_acc        time         
0               0.84650         0.11200         2.62180      
10              0.85760         0.28000         0.68625      
20              0.47400         0.46500         0.68829      
30              0.45800         0.46600         0.68316      
40              0.45110         0.42600         0.68320      
0               0.00000         0.00000         36.14935     
./datasets/cifarmnist2_10000.pt dataset not found. Creating dataset...
Files already downloaded and verified
Files already downloaded and verified
epoch           train_acc       test_acc        time         
0               0.84180         0.14400         2.47614      
10              0.86900         0.39600         0.68404      
20              0.60500         0.59900         0.68043      
30              0.52970         0.50700         0.67971      
40              0.51680         0.50600         0.67957      
0               0.00000         0.00000         35.87387     
./datasets/cifarmnist2_10000.pt dataset not found. Creating dataset...
Files already downloaded and verified
Files already downloaded and verified
epoch           train_acc       test_acc        time         
0               0.84580         0.10600         2.36177      
10              0.85870         0.26100         0.70462      
20              0.62170         0.60400         0.70844      
30              0.48090         0.51500         0.70753      
40              0.48940         0.47800         0.70850      
0               0.00000         0.00000         37.07857     
./datasets/cifarmnist2_10000.pt dataset not found. Creating dataset...
Files already downloaded and verified
Files already downloaded and verified
epoch           train_acc       test_acc        time         
0               0.84590         0.11400         2.39988      
10              0.84480         0.45200         0.70561      
20              0.50070         0.48700         0.70423      
30              0.51840         0.55700         0.70318      
40              0.52190         0.56400         0.69770      
0               0.00000         0.00000         36.99446     
./datasets/cifarmnist2_10000.pt dataset not found. Creating dataset...
Files already downloaded and verified
Files already downloaded and verified
epoch           train_acc       test_acc        time         
0               0.84370         0.11000         2.60607      
10              0.83290         0.47500         0.70534      
20              0.55010         0.61300         0.70698      
30              0.49840         0.50200         0.70814      
40              0.49510         0.51400         0.70383      
0               0.00000         0.00000         37.27266     
