hello
40
epoch           train_acc       test_acc        time         
0               0.75670         0.35200         2.43032      
10              0.66340         0.56500         0.88862      
20              0.65900         0.46900         0.91288      
30              0.55150         0.55600         0.88689      
40              0.63520         0.56100         0.88562      
0               0.00000         0.00000         46.12897     
epoch           train_acc       test_acc        time         
0               0.73480         0.31300         2.43377      
10              0.59030         0.54900         0.89767      
20              0.76210         0.47100         0.91029      
30              0.57710         0.52800         0.88569      
40              0.62930         0.62000         0.88590      
0               0.00000         0.00000         46.34276     
epoch           train_acc       test_acc        time         
0               0.58660         0.40500         2.41843      
10              0.61050         0.48300         0.82056      
20              0.75390         0.46000         0.84559      
30              0.60340         0.64800         0.82157      
40              0.46390         0.71500         0.82608      
0               0.00000         0.00000         43.07483     
epoch           train_acc       test_acc        time         
0               0.77500         0.20800         2.44561      
10              0.66110         0.47500         0.90292      
20              0.77100         0.26100         0.92598      
30              0.62870         0.55900         0.90375      
40              0.64810         0.56200         0.90381      
0               0.00000         0.00000         47.03019     
epoch           train_acc       test_acc        time         
0               0.75980         0.19900         2.44532      
10              0.59940         0.60000         0.82932      
20              0.63620         0.50900         0.84650      
30              0.60550         0.43000         0.82556      
40              0.50000         0.50000         0.82467      
0               0.00000         0.00000         43.44507     
epoch           train_acc       test_acc        time         
0               0.56800         0.48900         2.43172      
10              0.58480         0.56900         0.88883      
20              0.62470         0.59000         0.90918      
30              0.63020         0.59900         0.83442      
40              0.57320         0.51900         0.89007      
0               0.00000         0.00000         46.07492     
epoch           train_acc       test_acc        time         
0               0.68860         0.52600         2.44516      
10              0.57090         0.59900         0.89555      
20              0.50000         0.50000         0.88349      
30              0.64110         0.54300         0.87294      
40              0.67520         0.60000         0.86971      
0               0.00000         0.00000         45.73561     
epoch           train_acc       test_acc        time         
0               0.76880         0.40900         2.42626      
10              0.64240         0.57700         0.88071      
20              0.75420         0.48900         0.90291      
30              0.64590         0.60400         0.87691      
40              0.58510         0.62000         0.87448      
0               0.00000         0.00000         45.79642     
epoch           train_acc       test_acc        time         
0               0.61670         0.32700         2.43041      
10              0.53120         0.49400         0.89656      
20              0.67830         0.41200         0.91172      
30              0.59750         0.54800         0.89123      
40              0.61230         0.49100         0.89511      
0               0.00000         0.00000         46.57165     
epoch           train_acc       test_acc        time         
0               0.44340         0.53400         2.44105      
10              0.54360         0.63200         0.83077      
20              0.73330         0.50100         0.85261      
30              0.55910         0.52000         0.83381      
40              0.53180         0.50600         0.83182      
0               0.00000         0.00000         43.51462     
45
epoch           train_acc       test_acc        time         
0               0.55290         0.54200         2.41500      
10              0.54080         0.61800         0.90090      
20              0.67780         0.51300         0.90982      
30              0.68540         0.49900         0.89381      
40              0.61280         0.55500         0.88919      
0               0.00000         0.00000         46.33258     
epoch           train_acc       test_acc        time         
0               0.58090         0.44200         2.44668      
10              0.53870         0.53600         0.90659      
20              0.50000         0.50000         0.93039      
30              0.65260         0.59400         0.90615      
40              0.50000         0.50000         0.81969      
0               0.00000         0.00000         46.09937     
epoch           train_acc       test_acc        time         
0               0.50380         0.47500         2.44029      
10              0.63420         0.60400         0.90296      
20              0.68390         0.54600         0.92617      
30              0.69160         0.54200         0.90354      
40              0.64010         0.58800         0.90375      
0               0.00000         0.00000         47.08332     
epoch           train_acc       test_acc        time         
0               0.68060         0.40500         2.43412      
10              0.62480         0.56800         0.81940      
20              0.50000         0.50000         0.83550      
30              0.66790         0.57300         0.81101      
40              0.60380         0.60000         0.81131      
0               0.00000         0.00000         42.70402     
epoch           train_acc       test_acc        time         
0               0.53510         0.48800         2.42902      
10              0.67650         0.51300         0.89195      
20              0.51650         0.50700         0.91834      
30              0.50290         0.50100         0.89134      
40              0.62030         0.58700         0.89492      
0               0.00000         0.00000         46.61909     
epoch           train_acc       test_acc        time         
0               0.61250         0.61400         2.43499      
10              0.64170         0.57500         0.81545      
20              0.66600         0.50300         0.82847      
30              0.63010         0.60500         0.81017      
40              0.62010         0.56000         0.81173      
0               0.00000         0.00000         42.49192     
epoch           train_acc       test_acc        time         
0               0.76660         0.40300         2.42344      
10              0.48510         0.54200         0.87607      
20              0.63230         0.59200         0.89824      
30              0.58410         0.63800         0.87767      
40              0.58120         0.52900         0.87921      
0               0.00000         0.00000         45.85720     
epoch           train_acc       test_acc        time         
0               0.77720         0.41300         2.44011      
10              0.64150         0.48000         0.89548      
20              0.57520         0.48100         0.91640      
30              0.64580         0.45700         0.89372      
40              0.50800         0.55200         0.88852      
0               0.00000         0.00000         46.53017     
epoch           train_acc       test_acc        time         
0               0.78850         0.38000         2.43626      
10              0.61090         0.47200         0.82017      
20              0.62230         0.61100         0.83584      
30              0.56840         0.66900         0.81353      
40              0.50440         0.50100         0.81422      
0               0.00000         0.00000         42.66616     
epoch           train_acc       test_acc        time         
0               0.46450         0.73400         2.43646      
10              0.63030         0.50200         0.90709      
20              0.67510         0.48600         0.92691      
30              0.53450         0.49200         0.90270      
40              0.64520         0.56200         0.90684      
0               0.00000         0.00000         47.06018     
50
epoch           train_acc       test_acc        time         
0               0.68710         0.40200         2.44395      
10              0.64350         0.53300         0.90194      
20              0.63320         0.52600         0.94198      
30              0.61590         0.61600         0.89875      
40              0.52640         0.51200         0.89878      
0               0.00000         0.00000         46.99336     
epoch           train_acc       test_acc        time         
0               0.70780         0.56100         2.41851      
10              0.59630         0.60100         0.87835      
20              0.67190         0.55600         0.90029      
30              0.57620         0.57600         0.87942      
40              0.44950         0.69900         0.87823      
0               0.00000         0.00000         45.77584     
epoch           train_acc       test_acc        time         
0               0.52770         0.50500         2.44144      
10              0.56530         0.45900         0.88874      
20              0.66130         0.57600         0.90692      
30              0.62910         0.52700         0.88409      
40              0.66970         0.59200         0.88375      
0               0.00000         0.00000         46.12518     
epoch           train_acc       test_acc        time         
0               0.74670         0.38500         2.44889      
10              0.62740         0.59900         0.90026      
20              0.70320         0.50500         0.91766      
30              0.62640         0.56800         0.89937      
40              0.57270         0.50100         0.89762      
0               0.00000         0.00000         46.77816     
epoch           train_acc       test_acc        time         
0               0.71950         0.20300         2.43735      
10              0.57920         0.62900         0.88859      
20              0.55090         0.52400         0.90556      
30              0.59320         0.57900         0.88256      
40              0.54090         0.57600         0.87921      
0               0.00000         0.00000         46.04241     
epoch           train_acc       test_acc        time         
0               0.63950         0.43200         2.42554      
10              0.60180         0.60200         0.89252      
20              0.58390         0.60600         0.90990      
30              0.61520         0.56700         0.88534      
40              0.70050         0.55900         0.88799      
0               0.00000         0.00000         46.21734     
epoch           train_acc       test_acc        time         
0               0.57730         0.35700         2.75905      
10              0.66020         0.53900         0.89007      
20              0.61370         0.45500         1.00104      
30              0.56340         0.55700         0.94868      
40              0.54340         0.51300         0.98035      
0               0.00000         0.00000         49.45776     
epoch           train_acc       test_acc        time         
0               0.65360         0.49500         5.81493      
10              0.73420         0.47200         0.82455      
20              0.74060         0.49800         0.83838      
30              0.57670         0.50400         0.81582      
40              0.61620         0.63600         0.82326      
0               0.00000         0.00000         47.53271     
epoch           train_acc       test_acc        time         
0               0.44470         0.40500         5.82737      
10              0.65830         0.53400         1.00348      
20              0.51490         0.49200         1.01959      
30              0.61300         0.59000         0.99878      
40              0.56920         0.55700         0.99929      
0               0.00000         0.00000         54.88316     
epoch           train_acc       test_acc        time         
0               0.53270         0.58400         5.22621      
10              0.62890         0.58100         0.81631      
20              0.58750         0.51600         0.83635      
30              0.64570         0.59900         0.81515      
40              0.57610         0.63100         0.81279      
0               0.00000         0.00000         45.51294     
55
epoch           train_acc       test_acc        time         
0               0.75690         0.27800         6.03735      
10              0.57140         0.51900         1.00147      
20              0.59660         0.57000         1.01299      
30              0.67040         0.56900         0.89965      
40              0.66930         0.63400         0.90402      
0               0.00000         0.00000         54.14938     
epoch           train_acc       test_acc        time         
0               0.79280         0.15100         5.46028      
10              0.49550         0.65300         1.00500      
20              0.52660         0.49800         1.02778      
30              0.57110         0.48500         0.99274      
40              0.66180         0.55600         1.00124      
0               0.00000         0.00000         54.53975     
epoch           train_acc       test_acc        time         
0               0.57910         0.56000         5.35429      
10              0.61450         0.48000         0.82282      
20              0.64820         0.54800         0.84773      
30              0.50060         0.49900         0.82862      
40              0.61350         0.55000         0.82582      
0               0.00000         0.00000         46.18629     
epoch           train_acc       test_acc        time         
0               0.72000         0.47400         2.75592      
10              0.64170         0.49100         0.80708      
20              0.63580         0.52300         0.82690      
30              0.72940         0.48500         0.80495      
40              0.60280         0.52100         0.80525      
0               0.00000         0.00000         42.58559     
epoch           train_acc       test_acc        time         
0               0.67630         0.40800         2.38150      
10              0.58170         0.57800         0.82971      
20              0.62050         0.58800         0.90753      
30              0.61210         0.65400         0.88572      
40              0.54920         0.70900         0.88775      
0               0.00000         0.00000         45.62223     
epoch           train_acc       test_acc        time         
0               0.67790         0.46300         2.43003      
10              0.72230         0.41100         0.89946      
20              0.56630         0.48900         0.94565      
30              0.59350         0.51500         0.90038      
40              0.62490         0.51400         0.89603      
0               0.00000         0.00000         46.79078     
epoch           train_acc       test_acc        time         
0               0.51960         0.70300         2.43130      
10              0.60610         0.53200         0.88460      
20              0.57510         0.49300         0.91082      
30              0.55390         0.51400         0.88071      
40              0.63960         0.62800         0.88166      
0               0.00000         0.00000         45.76131     
epoch           train_acc       test_acc        time         
0               0.48350         0.56900         2.47031      
10              0.62960         0.54500         0.81561      
20              0.50130         0.50000         0.83567      
30              0.61710         0.59100         0.90218      
40              0.55560         0.51800         0.90455      
0               0.00000         0.00000         45.29245     
epoch           train_acc       test_acc        time         
0               0.67190         0.48600         2.42481      
10              0.68950         0.48000         0.81619      
20              0.70530         0.55400         0.85196      
30              0.51040         0.49500         0.81133      
40              0.60730         0.57200         0.80979      
0               0.00000         0.00000         42.75212     
epoch           train_acc       test_acc        time         
0               0.53380         0.50100         2.43433      
10              0.67510         0.53100         0.89302      
20              0.52530         0.48400         0.91037      
30              0.63910         0.61500         0.88858      
40              0.68370         0.57200         0.89064      
0               0.00000         0.00000         46.37474     
60
epoch           train_acc       test_acc        time         
0               0.60610         0.39300         2.43325      
10              0.62620         0.56000         0.80855      
20              0.62820         0.50400         0.84993      
30              0.62100         0.55400         0.80578      
40              0.52710         0.49900         0.80643      
0               0.00000         0.00000         42.49056     
epoch           train_acc       test_acc        time         
0               0.61140         0.47700         2.43869      
10              0.62660         0.43000         0.89305      
20              0.67610         0.52300         0.93123      
30              0.50000         0.50000         0.89022      
40              0.61380         0.62300         0.88768      
0               0.00000         0.00000         46.45535     
epoch           train_acc       test_acc        time         
0               0.75660         0.34900         2.43850      
10              0.70670         0.40800         0.81962      
20              0.65110         0.46800         0.83657      
30              0.51860         0.65600         0.81316      
40              0.66390         0.61800         0.81260      
0               0.00000         0.00000         42.77713     
epoch           train_acc       test_acc        time         
0               0.64470         0.43900         2.43741      
10              0.65010         0.51100         0.89364      
20              0.71090         0.54200         0.93930      
30              0.65660         0.58500         0.88953      
40              0.68210         0.61100         0.88891      
0               0.00000         0.00000         46.56652     
epoch           train_acc       test_acc        time         
0               0.64300         0.51600         2.44124      
10              0.64060         0.63100         0.82268      
20              0.59680         0.49900         0.84227      
30              0.49980         0.50200         0.81986      
40              0.64920         0.58000         0.81951      
0               0.00000         0.00000         43.02208     
epoch           train_acc       test_acc        time         
0               0.63630         0.49800         2.42302      
10              0.62310         0.51300         0.88486      
20              0.50990         0.49900         0.90694      
30              0.62350         0.62200         0.88544      
40              0.60750         0.59000         0.88709      
0               0.00000         0.00000         46.22514     
epoch           train_acc       test_acc        time         
0               0.51060         0.46900         2.43349      
10              0.60510         0.42900         0.89320      
20              0.50230         0.49900         0.93803      
30              0.63170         0.55400         0.89746      
40              0.55560         0.53100         0.89118      
0               0.00000         0.00000         46.65355     
epoch           train_acc       test_acc        time         
0               0.56390         0.42900         2.43046      
10              0.61130         0.57200         0.80589      
20              0.67650         0.53800         0.82425      
30              0.52440         0.66000         0.80430      
40              0.63460         0.61500         0.80427      
0               0.00000         0.00000         42.31299     
epoch           train_acc       test_acc        time         
0               0.48110         0.50000         2.42601      
10              0.62330         0.51300         0.88181      
20              0.50680         0.49900         0.90347      
30              0.67070         0.56000         0.87885      
40              0.50090         0.50300         0.87604      
0               0.00000         0.00000         45.93367     
epoch           train_acc       test_acc        time         
0               0.71900         0.38500         2.43104      
10              0.68100         0.45600         0.88991      
20              0.76390         0.45400         0.92941      
30              0.68180         0.59900         0.89301      
40              0.62360         0.65400         0.88462      
0               0.00000         0.00000         46.51786     
65
epoch           train_acc       test_acc        time         
0               0.63180         0.51400         2.43010      
10              0.64440         0.51800         0.87538      
20              0.72170         0.46700         0.89118      
30              0.57660         0.64800         0.85139      
40              0.67280         0.52300         0.84900      
0               0.00000         0.00000         45.22206     
epoch           train_acc       test_acc        time         
0               0.70950         0.44400         2.44221      
10              0.63850         0.52100         0.88863      
20              0.64430         0.54400         0.90922      
30              0.61190         0.54800         0.88172      
40              0.64550         0.61700         0.88835      
0               0.00000         0.00000         46.27700     
epoch           train_acc       test_acc        time         
0               0.62230         0.38500         2.43797      
10              0.39300         0.61400         0.81540      
20              0.50000         0.50000         0.85573      
30              0.81400         0.27300         0.81300      
40              0.51760         0.50800         0.81922      
0               0.00000         0.00000         42.72069     
epoch           train_acc       test_acc        time         
0               0.68410         0.50000         2.44723      
10              0.65830         0.40200         0.90096      
20              0.77390         0.31500         0.94185      
30              0.59550         0.48700         0.89992      
40              0.57780         0.52100         0.89578      
0               0.00000         0.00000         46.94531     
epoch           train_acc       test_acc        time         
0               0.82750         0.13500         2.45141      
10              0.68450         0.51500         0.90855      
20              0.68030         0.42900         0.96206      
30              0.50790         0.50100         0.89842      
40              0.68010         0.59600         0.89683      
0               0.00000         0.00000         47.00065     
epoch           train_acc       test_acc        time         
0               0.71370         0.54800         2.44388      
10              0.59520         0.49800         0.81623      
20              0.75760         0.45500         0.83668      
30              0.63220         0.59200         0.81383      
40              0.61290         0.57600         0.81385      
0               0.00000         0.00000         42.86871     
epoch           train_acc       test_acc        time         
0               0.67700         0.55700         2.43720      
10              0.50100         0.61600         0.81012      
20              0.69020         0.52200         0.83032      
30              0.69000         0.53800         0.81261      
40              0.52700         0.56000         0.80938      
0               0.00000         0.00000         42.63129     
epoch           train_acc       test_acc        time         
0               0.67020         0.52000         2.44610      
10              0.56140         0.60700         0.88646      
20              0.70320         0.53600         0.90600      
30              0.61350         0.45900         0.88438      
40              0.64870         0.57700         0.82128      
0               0.00000         0.00000         45.43354     
epoch           train_acc       test_acc        time         
0               0.54960         0.62800         2.42659      
10              0.62300         0.62100         0.82467      
20              0.60250         0.61200         0.84465      
30              0.59520         0.56300         0.82515      
40              0.67950         0.60100         0.82263      
0               0.00000         0.00000         43.27732     
epoch           train_acc       test_acc        time         
0               0.65100         0.58600         2.45528      
10              0.50360         0.53500         0.89865      
20              0.72680         0.47100         0.91914      
30              0.59580         0.54000         0.89057      
40              0.62110         0.60000         0.88739      
0               0.00000         0.00000         46.49614     
70
epoch           train_acc       test_acc        time         
0               0.71430         0.47600         2.43793      
10              0.55380         0.62400         0.89816      
20              0.52800         0.49700         0.91902      
30              0.55150         0.50900         0.89761      
40              0.67410         0.59200         0.89767      
0               0.00000         0.00000         46.87011     
epoch           train_acc       test_acc        time         
0               0.68070         0.43600         2.43388      
10              0.56360         0.50100         0.89882      
20              0.65010         0.48800         0.92286      
30              0.50380         0.49800         0.89502      
40              0.74170         0.39500         0.89603      
0               0.00000         0.00000         46.82809     
epoch           train_acc       test_acc        time         
0               0.62380         0.49700         2.43938      
10              0.62450         0.57100         0.89873      
20              0.61880         0.56600         0.94775      
30              0.52270         0.50000         0.89957      
40              0.69690         0.55500         0.90084      
0               0.00000         0.00000         47.01686     
epoch           train_acc       test_acc        time         
0               0.78530         0.27000         2.43361      
10              0.47590         0.60100         0.88375      
20              0.65070         0.58100         0.88669      
30              0.69940         0.57300         0.86400      
40              0.59020         0.62400         0.86255      
0               0.00000         0.00000         45.37705     
epoch           train_acc       test_acc        time         
0               0.70270         0.33400         2.45379      
10              0.66550         0.55500         0.89295      
20              0.63170         0.53100         0.91251      
30              0.59420         0.66200         0.88727      
40              0.69470         0.57100         0.89049      
0               0.00000         0.00000         46.53608     
epoch           train_acc       test_acc        time         
0               0.68170         0.38200         2.44678      
10              0.45340         0.61900         0.90363      
20              0.67110         0.51700         0.94513      
30              0.61680         0.61900         0.90111      
40              0.63790         0.58200         0.90140      
0               0.00000         0.00000         47.10990     
epoch           train_acc       test_acc        time         
0               0.76570         0.23000         2.42142      
10              0.65060         0.51600         0.88273      
20              0.59040         0.40700         0.92293      
30              0.66560         0.58400         0.87706      
40              0.66960         0.63300         0.87882      
0               0.00000         0.00000         46.06496     
epoch           train_acc       test_acc        time         
0               0.60820         0.63400         2.41913      
10              0.69120         0.54800         0.80863      
20              0.64380         0.60400         0.82721      
30              0.63870         0.52400         0.81179      
40              0.66550         0.61900         0.80866      
0               0.00000         0.00000         42.47956     
epoch           train_acc       test_acc        time         
0               0.67610         0.52400         2.42956      
10              0.64200         0.56700         0.90357      
20              0.65030         0.55000         0.94370      
30              0.59690         0.52200         0.90138      
40              0.65730         0.57300         0.90103      
0               0.00000         0.00000         47.05919     
epoch           train_acc       test_acc        time         
0               0.78870         0.18400         2.43978      
10              0.65140         0.51100         0.89135      
20              0.54890         0.68300         0.93206      
30              0.52780         0.50700         0.89331      
40              0.67030         0.57600         0.89068      
0               0.00000         0.00000         46.54665     
75
epoch           train_acc       test_acc        time         
0               0.73310         0.50000         2.45012      
10              0.54540         0.51700         0.90439      
20              0.52820         0.49000         0.94805      
30              0.59260         0.58300         0.89941      
40              0.50050         0.50100         0.89929      
0               0.00000         0.00000         47.05273     
epoch           train_acc       test_acc        time         
0               0.68660         0.55600         2.43937      
10              0.67750         0.52100         0.90694      
20              0.54890         0.48300         0.94843      
30              0.63750         0.63000         0.81670      
40              0.69880         0.54600         0.81631      
0               0.00000         0.00000         45.25150     
epoch           train_acc       test_acc        time         
0               0.67160         0.32900         2.44694      
10              0.65760         0.48700         0.82774      
20              0.62790         0.57500         0.87871      
30              0.61830         0.52600         0.82956      
40              0.66240         0.58400         0.82393      
0               0.00000         0.00000         44.04436     
epoch           train_acc       test_acc        time         
0               0.52580         0.65000         2.44030      
10              0.63980         0.56900         0.90383      
20              0.51640         0.52700         0.92260      
30              0.65140         0.57400         0.89432      
40              0.69160         0.56200         0.89810      
0               0.00000         0.00000         46.97606     
epoch           train_acc       test_acc        time         
0               0.69030         0.31900         2.43251      
10              0.61780         0.56300         0.89227      
20              0.61960         0.55400         0.97800      
30              0.53960         0.55900         0.89383      
40              0.65460         0.58900         0.89200      
0               0.00000         0.00000         46.67017     
epoch           train_acc       test_acc        time         
0               0.57400         0.68000         2.44225      
10              0.56300         0.59000         0.89866      
20              0.52120         0.49400         0.91871      
30              0.64690         0.60800         0.89348      
40              0.57770         0.64700         0.89174      
0               0.00000         0.00000         46.74159     
epoch           train_acc       test_acc        time         
0               0.73040         0.31400         2.44124      
10              0.66210         0.52200         0.89952      
20              0.71480         0.51700         0.94284      
30              0.59990         0.58300         0.89601      
40              0.62090         0.62800         0.89931      
0               0.00000         0.00000         46.93798     
epoch           train_acc       test_acc        time         
0               0.52460         0.63800         2.44061      
10              0.67760         0.46400         0.89620      
20              0.70880         0.51400         0.93596      
30              0.67190         0.51000         0.89239      
40              0.67140         0.59500         0.89431      
0               0.00000         0.00000         46.74527     
epoch           train_acc       test_acc        time         
0               0.74160         0.34100         2.43720      
10              0.61550         0.59800         0.88996      
20              0.56190         0.54800         0.93318      
30              0.67150         0.65900         0.88910      
40              0.71610         0.62000         0.88728      
0               0.00000         0.00000         46.50393     
epoch           train_acc       test_acc        time         
0               0.51140         0.63200         2.41248      
10              0.67860         0.53300         0.87967      
20              0.62010         0.49200         0.92050      
30              0.67720         0.57600         0.87009      
40              0.56950         0.58500         0.87477      
0               0.00000         0.00000         45.81041     
80
epoch           train_acc       test_acc        time         
0               0.42000         0.63900         2.44338      
10              0.67330         0.53900         0.89445      
20              0.62150         0.57100         0.91680      
30              0.60920         0.56400         0.89384      
40              0.68400         0.50200         0.89197      
0               0.00000         0.00000         46.73608     
epoch           train_acc       test_acc        time         
0               0.68950         0.37400         2.43755      
10              0.55150         0.56900         0.80983      
20              0.69850         0.57600         0.84773      
30              0.50140         0.50100         0.81179      
40              0.67730         0.59600         0.80821      
0               0.00000         0.00000         42.50183     
epoch           train_acc       test_acc        time         
0               0.81470         0.25800         2.43417      
10              0.64850         0.60000         0.89038      
20              0.62850         0.54500         0.95140      
30              0.66930         0.54400         0.89165      
40              0.68350         0.59300         0.88913      
0               0.00000         0.00000         46.65913     
epoch           train_acc       test_acc        time         
0               0.77730         0.41100         2.43097      
10              0.61580         0.61300         0.89754      
20              0.66450         0.54200         0.82920      
30              0.66300         0.52000         0.80907      
40              0.64210         0.54500         0.81072      
0               0.00000         0.00000         43.62663     
epoch           train_acc       test_acc        time         
0               0.64110         0.33100         2.44063      
10              0.69130         0.50100         0.89694      
20              0.63380         0.53100         0.91154      
30              0.65330         0.57300         0.86809      
40              0.65390         0.59400         0.86814      
0               0.00000         0.00000         45.94404     
epoch           train_acc       test_acc        time         
0               0.74210         0.48400         2.74842      
10              0.68330         0.45600         0.86669      
20              0.50000         0.50000         0.88614      
30              0.64230         0.44900         0.87049      
40              0.66280         0.59600         0.87000      
0               0.00000         0.00000         45.71549     
epoch           train_acc       test_acc        time         
0               0.78290         0.38300         2.93319      
10              0.60820         0.48800         0.83524      
20              0.57210         0.47600         0.84652      
30              0.65580         0.61200         0.82690      
40              0.67460         0.53500         0.82587      
0               0.00000         0.00000         43.87652     
epoch           train_acc       test_acc        time         
0               0.57890         0.62500         2.44810      
10              0.57930         0.43500         0.88984      
20              0.55390         0.49300         0.95135      
30              0.70080         0.55000         0.88886      
40              0.65560         0.58300         0.88615      
0               0.00000         0.00000         46.63623     
epoch           train_acc       test_acc        time         
0               0.66910         0.43700         2.40932      
10              0.64450         0.55900         0.87479      
20              0.71560         0.51700         0.90728      
30              0.70040         0.53900         0.86883      
40              0.58310         0.54000         0.86936      
0               0.00000         0.00000         45.51509     
epoch           train_acc       test_acc        time         
0               0.57940         0.54200         2.46706      
10              0.51990         0.48600         0.90088      
20              0.71870         0.49300         0.94424      
30              0.66540         0.58700         0.89979      
40              0.60240         0.55400         0.89917      
0               0.00000         0.00000         47.11077     
85
epoch           train_acc       test_acc        time         
0               0.63780         0.52500         2.42616      
10              0.66120         0.57400         0.85887      
20              0.71380         0.52200         0.89895      
30              0.69140         0.59500         0.97594      
40              0.65500         0.56300         0.84902      
0               0.00000         0.00000         46.62213     
epoch           train_acc       test_acc        time         
0               0.57020         0.39800         5.75802      
10              0.60390         0.61600         0.98375      
20              0.50000         0.50000         0.99405      
30              0.58620         0.57400         0.97937      
40              0.65160         0.57400         0.97444      
0               0.00000         0.00000         54.77945     
epoch           train_acc       test_acc        time         
0               0.45120         0.53100         5.42850      
10              0.62850         0.59500         0.98397      
20              0.65630         0.52600         1.04017      
30              0.60990         0.54300         0.99235      
40              0.51260         0.49800         0.98425      
0               0.00000         0.00000         55.78597     
epoch           train_acc       test_acc        time         
0               0.54610         0.61300         5.31627      
10              0.57800         0.53300         0.97654      
20              0.68860         0.48700         0.99233      
30              0.56330         0.50200         0.98173      
40              0.57200         0.57300         0.97583      
0               0.00000         0.00000         53.55152     
epoch           train_acc       test_acc        time         
0               0.59030         0.57900         5.04896      
10              0.60540         0.55600         0.82187      
20              0.64930         0.55500         0.92646      
30              0.50000         0.50000         0.82056      
40              0.63690         0.63700         0.82550      
0               0.00000         0.00000         45.92483     
epoch           train_acc       test_acc        time         
0               0.70510         0.51200         4.91630      
10              0.67370         0.51700         0.84278      
20              0.67110         0.46900         0.88807      
30              0.64770         0.56600         0.83795      
40              0.50000         0.50000         0.84916      
0               0.00000         0.00000         46.76154     
epoch           train_acc       test_acc        time         
0               0.58960         0.51400         4.57276      
10              0.57900         0.66600         0.83658      
20              0.55670         0.61300         0.87777      
30              0.70400         0.53700         0.83030      
40              0.63600         0.53000         0.83060      
0               0.00000         0.00000         46.05364     
epoch           train_acc       test_acc        time         
0               0.74990         0.45800         2.58391      
10              0.64350         0.54000         0.88733      
20              0.59050         0.46200         0.90016      
30              0.55620         0.53700         0.88393      
40              0.53420         0.51500         0.88259      
0               0.00000         0.00000         46.25542     
epoch           train_acc       test_acc        time         
0               0.66070         0.51800         2.76650      
10              0.64890         0.50900         0.86481      
20              0.64210         0.58100         0.87520      
30              0.60180         0.63600         0.84964      
40              0.63910         0.60000         0.86770      
0               0.00000         0.00000         45.32920     
epoch           train_acc       test_acc        time         
0               0.57740         0.40500         2.43281      
10              0.62730         0.59700         0.82672      
20              0.50740         0.49600         0.86654      
30              0.65150         0.54300         0.82831      
40              0.72180         0.56800         0.82482      
0               0.00000         0.00000         43.54134     
90
epoch           train_acc       test_acc        time         
0               0.69990         0.46800         2.45367      
10              0.65620         0.47500         0.86625      
20              0.65500         0.45600         0.91392      
30              0.65590         0.58100         0.86647      
40              0.60140         0.54200         0.86929      
0               0.00000         0.00000         45.47547     
epoch           train_acc       test_acc        time         
0               0.79210         0.26700         2.42805      
10              0.51890         0.54500         0.81219      
20              0.60640         0.59600         0.84281      
30              0.68290         0.58600         0.81042      
40              0.64340         0.60000         0.81283      
0               0.00000         0.00000         42.65725     
epoch           train_acc       test_acc        time         
0               0.62280         0.35600         2.45230      
10              0.60570         0.56900         0.89932      
20              0.75230         0.43700         0.92321      
30              0.66040         0.58600         0.88514      
40              0.60220         0.59700         0.88677      
0               0.00000         0.00000         46.49767     
epoch           train_acc       test_acc        time         
0               0.54660         0.60000         2.44431      
10              0.53480         0.60700         0.81885      
20              0.47510         0.42500         0.85920      
30              0.64840         0.64700         0.81700      
40              0.60490         0.56800         0.81653      
0               0.00000         0.00000         42.95985     
epoch           train_acc       test_acc        time         
0               0.64630         0.63100         2.44225      
10              0.63070         0.61400         0.87803      
20              0.69220         0.53100         0.93496      
30              0.62700         0.56600         0.89223      
40              0.66600         0.61400         0.87233      
0               0.00000         0.00000         45.95443     
epoch           train_acc       test_acc        time         
0               0.63180         0.30300         2.42708      
10              0.62100         0.62700         0.88344      
20              0.71120         0.45000         0.92085      
30              0.67480         0.51600         0.88055      
40              0.68280         0.62800         0.86220      
0               0.00000         0.00000         45.74537     
epoch           train_acc       test_acc        time         
0               0.71040         0.31300         2.43773      
10              0.63600         0.59100         0.89144      
20              0.71620         0.45500         0.91036      
30              0.64860         0.59100         0.88632      
40              0.60790         0.58100         0.88666      
0               0.00000         0.00000         46.45907     
epoch           train_acc       test_acc        time         
0               0.53630         0.71900         2.38938      
10              0.67160         0.51200         0.82737      
20              0.53220         0.49400         0.83795      
30              0.65480         0.60200         0.81786      
40              0.68570         0.58000         0.81771      
0               0.00000         0.00000         43.15551     
epoch           train_acc       test_acc        time         
0               0.71380         0.26900         2.44086      
10              0.55510         0.47900         0.81804      
20              0.70280         0.48500         0.85268      
30              0.59870         0.51200         0.81019      
40              0.55550         0.50300         0.80947      
0               0.00000         0.00000         42.74525     
epoch           train_acc       test_acc        time         
0               0.68590         0.47200         2.43286      
10              0.58410         0.48600         0.80910      
20              0.62570         0.57400         0.84525      
30              0.70520         0.51600         0.82396      
40              0.66830         0.62200         0.80475      
0               0.00000         0.00000         42.48389     
95
epoch           train_acc       test_acc        time         
0               0.66230         0.42600         2.46502      
10              0.66080         0.47500         0.89551      
20              0.61640         0.50200         0.91250      
30              0.64670         0.55600         0.88680      
40              0.56840         0.51300         0.88998      
0               0.00000         0.00000         46.61626     
epoch           train_acc       test_acc        time         
0               0.66990         0.55400         2.43625      
10              0.62510         0.51900         0.81051      
20              0.50000         0.50000         0.84686      
30              0.64420         0.59700         0.80865      
40              0.58780         0.50900         0.80914      
0               0.00000         0.00000         42.70699     
epoch           train_acc       test_acc        time         
0               0.74940         0.38500         2.37758      
10              0.63190         0.52400         0.81648      
20              0.70500         0.52500         0.87328      
30              0.50810         0.49700         0.81519      
40              0.50000         0.50000         0.81384      
0               0.00000         0.00000         42.90126     
epoch           train_acc       test_acc        time         
0               0.62510         0.61900         2.43313      
10              0.69910         0.54500         0.88569      
20              0.65110         0.54200         0.92858      
30              0.65790         0.60800         0.87683      
40              0.66110         0.60000         0.87646      
0               0.00000         0.00000         46.19273     
epoch           train_acc       test_acc        time         
0               0.56950         0.50700         2.43778      
10              0.60660         0.52200         0.90467      
20              0.59700         0.46200         0.92866      
30              0.68930         0.50300         0.90355      
40              0.69120         0.56700         0.90028      
0               0.00000         0.00000         47.27614     
epoch           train_acc       test_acc        time         
0               0.68060         0.41600         2.44234      
10              0.63520         0.48500         0.89862      
20              0.61450         0.54200         0.95840      
30              0.67580         0.51300         0.89094      
40              0.65450         0.57300         0.88903      
0               0.00000         0.00000         46.78609     
epoch           train_acc       test_acc        time         
0               0.77850         0.22400         2.42804      
10              0.66320         0.56000         0.81555      
20              0.68240         0.56600         0.85475      
30              0.67350         0.58900         0.81327      
40              0.56550         0.57500         0.80982      
0               0.00000         0.00000         42.78913     
epoch           train_acc       test_acc        time         
0               0.66700         0.34900         2.39511      
10              0.50000         0.58200         0.82263      
20              0.67050         0.46100         0.84209      
30              0.60770         0.54800         0.82284      
40              0.62360         0.63900         0.82249      
0               0.00000         0.00000         43.32504     
epoch           train_acc       test_acc        time         
0               0.70840         0.39300         2.43760      
10              0.67240         0.44000         0.89278      
20              0.70090         0.51900         0.95948      
30              0.68030         0.56800         0.89658      
40              0.65900         0.55200         0.89651      
0               0.00000         0.00000         47.05473     
epoch           train_acc       test_acc        time         
0               0.78500         0.29800         3.21868      
10              0.60790         0.63200         0.86188      
20              0.65920         0.59400         0.90118      
30              0.61710         0.61200         0.86480      
40              0.69860         0.60900         0.86257      
0               0.00000         0.00000         46.54749     
100
epoch           train_acc       test_acc        time         
0               0.46760         0.68800         2.46897      
10              0.68860         0.43500         0.87593      
20              0.60630         0.58300         0.89267      
30              0.61980         0.50600         0.87228      
40              0.67830         0.59500         0.86868      
0               0.00000         0.00000         45.65095     
epoch           train_acc       test_acc        time         
0               0.63300         0.48800         2.68885      
10              0.62330         0.44000         0.88887      
20              0.66060         0.53600         0.84426      
30              0.64410         0.58500         0.82233      
40              0.61540         0.57400         0.83177      
0               0.00000         0.00000         44.83176     
epoch           train_acc       test_acc        time         
0               0.51850         0.40800         2.69873      
10              0.60410         0.61100         0.82444      
20              0.49990         0.50000         0.85114      
30              0.66050         0.58500         0.82445      
40              0.70820         0.59000         0.82586      
0               0.00000         0.00000         43.64009     
epoch           train_acc       test_acc        time         
0               0.37010         0.49800         3.13152      
10              0.56710         0.36200         0.83172      
20              0.70660         0.49900         0.85791      
30              0.63120         0.61700         0.85152      
40              0.61440         0.52300         0.82995      
0               0.00000         0.00000         44.52196     
epoch           train_acc       test_acc        time         
0               0.45890         0.47400         2.69096      
10              0.62190         0.60100         0.83741      
20              0.68680         0.52500         0.86610      
30              0.64160         0.51400         0.82785      
40              0.63090         0.59700         0.82660      
0               0.00000         0.00000         43.90705     
epoch           train_acc       test_acc        time         
0               0.66170         0.21400         2.66616      
10              0.61030         0.48800         0.80508      
20              0.67320         0.57000         0.82431      
30              0.70250         0.49600         0.80291      
40              0.66270         0.63000         0.80408      
0               0.00000         0.00000         42.69548     
epoch           train_acc       test_acc        time         
0               0.64180         0.27300         2.44293      
10              0.66790         0.49400         0.89953      
20              0.71260         0.46800         0.92562      
30              0.64750         0.62500         0.88007      
40              0.67230         0.58300         0.87892      
0               0.00000         0.00000         46.36889     
epoch           train_acc       test_acc        time         
0               0.52120         0.54400         2.43406      
10              0.67620         0.54800         0.88831      
20              0.71270         0.51000         0.97512      
30              0.71930         0.54200         0.87323      
40              0.62660         0.60200         0.87345      
0               0.00000         0.00000         46.21818     
epoch           train_acc       test_acc        time         
0               0.70250         0.35300         2.65221      
10              0.61630         0.52400         0.84876      
20              0.66170         0.54900         0.88728      
30              0.50470         0.50300         0.86526      
40              0.64950         0.55900         0.86252      
0               0.00000         0.00000         45.32349     
epoch           train_acc       test_acc        time         
0               0.70020         0.35400         2.66583      
10              0.65680         0.43100         0.83160      
20              0.75250         0.47600         0.91112      
30              0.51450         0.51500         0.81968      
40              0.62510         0.57700         0.81861      
0               0.00000         0.00000         44.20438     
105
epoch           train_acc       test_acc        time         
0               0.73460         0.40500         2.65884      
10              0.61760         0.61000         0.82374      
20              0.68520         0.57300         0.88240      
30              0.69950         0.59500         0.82810      
40              0.64050         0.57700         0.82235      
0               0.00000         0.00000         43.57444     
epoch           train_acc       test_acc        time         
0               0.68070         0.57100         2.44830      
10              0.61660         0.62400         0.89711      
20              0.50310         0.50000         0.95914      
30              0.71240         0.55100         0.91364      
40              0.71180         0.58000         0.88989      
0               0.00000         0.00000         46.86033     
epoch           train_acc       test_acc        time         
0               0.77360         0.34800         2.73532      
10              0.63380         0.59600         0.89523      
20              0.50000         0.50000         0.94047      
30              0.64900         0.56600         0.89575      
40              0.69990         0.59100         0.89408      
0               0.00000         0.00000         47.22279     
epoch           train_acc       test_acc        time         
0               0.62520         0.56600         2.74057      
10              0.66750         0.49400         0.88192      
20              0.50000         0.50000         0.89933      
30              0.67130         0.52700         0.87953      
40              0.69870         0.53600         0.87984      
0               0.00000         0.00000         46.44293     
epoch           train_acc       test_acc        time         
0               0.75630         0.29400         2.81940      
10              0.48430         0.54500         0.82549      
20              0.50000         0.50000         0.84201      
30              0.65660         0.60500         0.82037      
40              0.73180         0.52100         0.82479      
0               0.00000         0.00000         43.67667     
epoch           train_acc       test_acc        time         
0               0.52500         0.65000         2.43204      
10              0.64470         0.40500         0.82150      
20              0.63430         0.49200         0.88222      
30              0.54100         0.52800         0.82066      
40              0.68300         0.57100         0.81873      
0               0.00000         0.00000         43.34391     
epoch           train_acc       test_acc        time         
0               0.45570         0.56200         2.62803      
10              0.68310         0.50100         0.82075      
20              0.56410         0.52700         0.86740      
30              0.59880         0.59400         0.81979      
40              0.50010         0.50000         0.82303      
0               0.00000         0.00000         43.58361     
epoch           train_acc       test_acc        time         
0               0.81540         0.29200         2.43928      
10              0.66280         0.58400         0.81056      
20              0.66080         0.50000         0.85874      
30              0.65390         0.55500         0.80672      
40              0.57320         0.63600         0.80756      
0               0.00000         0.00000         42.95228     
epoch           train_acc       test_acc        time         
0               0.65200         0.44500         2.42788      
10              0.57070         0.62200         0.89366      
20              0.65420         0.51400         0.84026      
30              0.56800         0.48700         0.81983      
40              0.68940         0.57600         0.81795      
0               0.00000         0.00000         43.96252     
epoch           train_acc       test_acc        time         
0               0.76210         0.21500         2.42003      
10              0.63900         0.58100         0.80330      
20              0.61570         0.46500         0.86290      
30              0.62950         0.52700         0.80259      
40              0.60110         0.52500         0.80411      
0               0.00000         0.00000         42.40157     
135
epoch           train_acc       test_acc        time         
0               0.67130         0.53100         2.45300      
10              0.55790         0.56500         0.89785      
20              0.62470         0.54800         0.91860      
30              0.71770         0.55100         0.91719      
40              0.67790         0.53300         0.89317      
0               0.00000         0.00000         47.19749     
epoch           train_acc       test_acc        time         
0               0.64960         0.57300         2.42611      
10              0.61430         0.63600         0.81216      
20              0.73400         0.42000         0.84034      
30              0.63040         0.53700         0.89433      
40              0.66680         0.60800         0.89706      
0               0.00000         0.00000         44.70295     
epoch           train_acc       test_acc        time         
0               0.51460         0.71800         2.58547      
10              0.61660         0.53200         0.89052      
20              0.62060         0.53800         0.95896      
30              0.67160         0.51400         0.89247      
40              0.67950         0.47900         0.89382      
0               0.00000         0.00000         47.01038     
epoch           train_acc       test_acc        time         
0               0.57820         0.55200         2.56791      
10              0.62740         0.56100         0.90244      
20              0.70410         0.50200         0.91627      
30              0.64690         0.52700         0.92283      
40              0.63650         0.51600         0.89316      
0               0.00000         0.00000         47.26540     
epoch           train_acc       test_acc        time         
0               0.69100         0.31100         2.49720      
10              0.65210         0.51800         0.86361      
20              0.58360         0.55600         0.92001      
30              0.50000         0.50000         0.88226      
40              0.64830         0.59600         0.86060      
0               0.00000         0.00000         45.43834     
epoch           train_acc       test_acc        time         
0               0.72560         0.37400         2.63967      
10              0.52660         0.63300         0.89467      
20              0.74790         0.40200         0.95517      
30              0.50000         0.50000         0.91729      
40              0.61110         0.56600         0.89171      
0               0.00000         0.00000         47.12022     
epoch           train_acc       test_acc        time         
0               0.66640         0.36800         2.42473      
10              0.69910         0.41100         0.86457      
20              0.49560         0.59200         0.89145      
30              0.64110         0.54600         0.88882      
40              0.72090         0.53600         0.86198      
0               0.00000         0.00000         45.60348     
epoch           train_acc       test_acc        time         
0               0.71170         0.24500         2.49668      
10              0.63420         0.54900         0.82399      
20              0.62670         0.44200         0.94516      
30              0.65730         0.47100         0.84315      
40              0.71980         0.55300         0.82242      
0               0.00000         0.00000         43.80922     
epoch           train_acc       test_acc        time         
0               0.64930         0.44500         2.68989      
10              0.71370         0.47900         0.83140      
20              0.63440         0.49300         1.12880      
30              0.62350         0.54300         0.84363      
40              0.58190         0.65000         0.82274      
0               0.00000         0.00000         44.70451     
epoch           train_acc       test_acc        time         
0               0.54150         0.66600         2.72548      
10              0.57590         0.50000         0.88342      
20              0.53910         0.51200         0.94838      
30              0.54660         0.52500         0.90049      
40              0.53710         0.52400         0.87774      
0               0.00000         0.00000         46.54831     
155
epoch           train_acc       test_acc        time         
0               0.72090         0.20000         2.44279      
10              0.69790         0.43500         0.89814      
20              0.63010         0.58400         0.99619      
30              0.59900         0.47500         0.91239      
40              0.62620         0.54400         0.89055      
0               0.00000         0.00000         47.20341     
epoch           train_acc       test_acc        time         
0               0.57370         0.68000         2.69225      
10              0.67340         0.54300         0.81289      
20              0.66210         0.39800         0.89681      
30              0.50260         0.49900         0.83111      
40              0.53940         0.61800         0.81231      
0               0.00000         0.00000         43.25803     
epoch           train_acc       test_acc        time         
0               0.53290         0.59100         2.46674      
10              0.54870         0.51300         0.81788      
20              0.70030         0.49100         0.83818      
30              0.59440         0.55000         0.92773      
40              0.46510         0.65800         0.90566      
0               0.00000         0.00000         45.24378     
epoch           train_acc       test_acc        time         
0               0.49940         0.66800         2.44211      
10              0.73830         0.48200         0.89107      
20              0.56080         0.51900         0.94588      
30              0.60390         0.43600         0.87893      
40              0.67170         0.60000         0.86731      
0               0.00000         0.00000         46.41689     
epoch           train_acc       test_acc        time         
0               0.70480         0.54700         2.43726      
10              0.46820         0.61500         0.89009      
20              0.56250         0.51800         0.90589      
30              0.70540         0.52600         0.88384      
40              0.58440         0.48600         0.88352      
0               0.00000         0.00000         46.53277     
epoch           train_acc       test_acc        time         
0               0.75750         0.24300         2.71091      
10              0.67160         0.50500         0.88390      
20              0.58770         0.49500         0.90314      
30              0.67150         0.55500         0.90589      
40              0.64830         0.55800         0.87678      
0               0.00000         0.00000         46.60133     
epoch           train_acc       test_acc        time         
0               0.57900         0.59900         2.77366      
10              0.63970         0.58500         0.88663      
20              0.55970         0.50700         0.96611      
30              0.63560         0.48600         0.90718      
40              0.61410         0.63700         0.88610      
0               0.00000         0.00000         46.86579     
epoch           train_acc       test_acc        time         
0               0.60020         0.52100         2.52918      
10              0.66350         0.52700         0.89299      
20              0.53320         0.51800         1.00266      
30              0.56270         0.55100         0.91741      
40              0.68400         0.52500         0.89351      
0               0.00000         0.00000         47.02798     
epoch           train_acc       test_acc        time         
0               0.70100         0.54100         2.58450      
10              0.63530         0.55800         0.83949      
20              0.59070         0.52800         0.84967      
30              0.63420         0.55300         0.85016      
40              0.67380         0.57300         0.83816      
0               0.00000         0.00000         44.37766     
epoch           train_acc       test_acc        time         
0               0.40620         0.52600         2.53440      
10              0.61930         0.61900         0.87028      
20              0.69240         0.51000         0.91219      
30              0.73250         0.52300         0.88864      
40              0.65550         0.54300         0.86861      
0               0.00000         0.00000         45.80714     
175
epoch           train_acc       test_acc        time         
0               0.63850         0.52400         2.54556      
10              0.64140         0.58700         0.88491      
20              0.59730         0.54800         0.90427      
30              0.70260         0.53700         0.90458      
40              0.56120         0.52600         0.87986      
0               0.00000         0.00000         46.66249     
epoch           train_acc       test_acc        time         
0               0.76680         0.30700         2.67410      
10              0.68950         0.39800         0.82851      
20              0.70760         0.48900         0.91326      
30              0.69270         0.46600         0.91561      
40              0.57770         0.58100         0.87471      
0               0.00000         0.00000         46.48547     
epoch           train_acc       test_acc        time         
0               0.62430         0.32000         2.43126      
10              0.67620         0.47300         0.90420      
20              0.60090         0.47400         0.87586      
30              0.66400         0.56500         0.87682      
40              0.69180         0.50200         0.81114      
0               0.00000         0.00000         44.87569     
epoch           train_acc       test_acc        time         
0               0.73350         0.40000         2.55022      
10              0.59440         0.55600         0.89186      
20              0.61300         0.52300         0.91059      
30              0.50180         0.50300         0.91269      
40              0.70910         0.54800         0.88909      
0               0.00000         0.00000         46.75128     
epoch           train_acc       test_acc        time         
0               0.69930         0.39700         2.65835      
10              0.60470         0.60100         0.86129      
20              0.65880         0.55300         0.86750      
30              0.69110         0.46600         0.87987      
40              0.61480         0.63200         0.86235      
0               0.00000         0.00000         45.42614     
epoch           train_acc       test_acc        time         
0               0.42490         0.71100         2.44851      
10              0.60000         0.47900         0.89335      
20              0.66810         0.48800         1.02684      
30              0.67650         0.57200         0.91770      
40              0.66050         0.58200         0.89202      
0               0.00000         0.00000         47.08158     
epoch           train_acc       test_acc        time         
0               0.74250         0.47000         2.42914      
10              0.61450         0.55100         0.89848      
20              0.50000         0.50000         0.90909      
30              0.65940         0.58400         0.91772      
40              0.61800         0.54700         0.89304      
0               0.00000         0.00000         46.50628     
epoch           train_acc       test_acc        time         
0               0.68630         0.54300         2.71046      
10              0.54400         0.64000         0.82191      
20              0.55660         0.49700         0.90384      
30              0.60180         0.54100         0.84634      
40              0.55290         0.47200         0.81937      
0               0.00000         0.00000         43.56646     
epoch           train_acc       test_acc        time         
0               0.55040         0.38000         2.44993      
10              0.66600         0.48800         0.83658      
20              0.50420         0.49900         0.91679      
30              0.60650         0.51200         0.91457      
40              0.69290         0.55000         0.83186      
0               0.00000         0.00000         44.63099     
epoch           train_acc       test_acc        time         
0               0.77310         0.35400         2.42784      
10              0.61160         0.57600         0.88148      
20              0.50000         0.50000         1.02501      
30              0.66640         0.50000         0.90018      
40              0.55570         0.53700         0.87781      
0               0.00000         0.00000         46.47411     
195
epoch           train_acc       test_acc        time         
0               0.68740         0.52900         2.42717      
10              0.61100         0.59100         0.82053      
20              0.51110         0.50900         0.93290      
30              0.50590         0.49500         0.91353      
40              0.70040         0.48300         0.81867      
0               0.00000         0.00000         44.68791     
epoch           train_acc       test_acc        time         
0               0.77080         0.19700         2.74134      
10              0.59980         0.54500         0.82604      
20              0.54410         0.58500         0.84992      
30              0.54600         0.53200         0.84565      
40              0.61250         0.50700         0.82203      
0               0.00000         0.00000         43.94691     
epoch           train_acc       test_acc        time         
0               0.67430         0.53400         2.65941      
10              0.63950         0.56200         0.89883      
20              0.70940         0.49500         0.92880      
30              0.70910         0.53400         0.98110      
40              0.66700         0.59000         0.89121      
0               0.00000         0.00000         47.49131     
epoch           train_acc       test_acc        time         
0               0.66750         0.30600         2.46037      
10              0.65450         0.55000         0.89268      
20              0.65040         0.54500         0.99605      
30              0.50120         0.49900         0.91645      
40              0.73970         0.43900         0.89676      
0               0.00000         0.00000         46.93552     
epoch           train_acc       test_acc        time         
0               0.55670         0.40500         2.43091      
10              0.65050         0.50900         0.88571      
20              0.50030         0.49900         0.97412      
30              0.63940         0.55800         0.91151      
40              0.61380         0.49600         0.88660      
0               0.00000         0.00000         46.76418     
epoch           train_acc       test_acc        time         
0               0.64080         0.58600         2.44977      
10              0.56640         0.58200         0.89260      
20              0.69670         0.37400         0.91652      
30              0.57930         0.62600         0.90543      
40              0.65200         0.58900         0.88969      
0               0.00000         0.00000         46.56875     
epoch           train_acc       test_acc        time         
0               0.76580         0.44500         2.43462      
10              0.62840         0.56900         0.81697      
20              0.45650         0.54100         1.01687      
30              0.58150         0.64000         0.83449      
40              0.62990         0.42800         0.81396      
0               0.00000         0.00000         43.28414     
epoch           train_acc       test_acc        time         
0               0.62100         0.42700         2.45559      
10              0.65450         0.61900         0.82864      
20              0.66740         0.56900         0.99628      
30              0.69580         0.58800         0.84785      
40              0.71210         0.58500         0.82553      
0               0.00000         0.00000         44.01640     
epoch           train_acc       test_acc        time         
0               0.70770         0.49100         2.44312      
10              0.63440         0.47800         0.88565      
20              0.69890         0.53500         1.01287      
30              0.62700         0.53700         0.90491      
40              0.63630         0.52400         0.88677      
0               0.00000         0.00000         47.58014     
epoch           train_acc       test_acc        time         
0               0.68000         0.47300         2.69307      
10              0.70740         0.54900         0.89380      
20              0.50230         0.50000         0.92312      
30              0.65350         0.54100         0.92443      
40              0.70300         0.53600         0.90190      
0               0.00000         0.00000         47.56121     
