hello
./datasets/cifarmnist2_10000.pt dataset not found. Creating dataset...
Files already downloaded and verified
Files already downloaded and verified
epoch           train_acc       test_acc        time         
0               0.84570         0.10900         2.87261      
1               0.84890         0.10700         0.73875      
2               0.85230         0.20100         0.73621      
3               0.85770         0.20300         0.73720      
4               0.86250         0.29100         0.73645      
5               0.86510         0.45100         0.73211      
6               0.86870         0.55800         0.74042      
7               0.87790         0.47100         0.73580      
8               0.84590         0.46800         0.73592      
9               0.87740         0.52500         0.73932      
10              0.90240         0.57800         0.72732      
11              0.90540         0.55500         0.72653      
12              0.90650         0.41800         0.73303      
13              0.90000         0.41200         0.72641      
14              0.90860         0.49100         0.72636      
15              0.82790         0.64500         0.72906      
16              0.81220         0.63800         0.72794      
17              0.81520         0.63300         0.72666      
18              0.84690         0.65600         0.72747      
19              0.83660         0.66900         0.72812      
20              0.82630         0.66400         0.72573      
21              0.82950         0.68700         0.72725      
22              0.82370         0.69300         0.72608      
23              0.82970         0.68400         0.72535      
24              0.80830         0.67900         0.72699      
25              0.79670         0.70300         0.72644      
26              0.81240         0.68200         0.72951      
27              0.81190         0.68800         0.72656      
28              0.80430         0.70700         0.72598      
29              0.79360         0.70300         0.72545      
30              0.79840         0.71600         0.72737      
31              0.80980         0.70600         0.72580      
32              0.81170         0.70300         0.72587      
33              0.79830         0.70700         0.72797      
34              0.79820         0.72600         0.72568      
35              0.80810         0.70100         0.72560      
36              0.81270         0.70400         0.72851      
37              0.79930         0.71100         0.72552      
38              0.79860         0.72100         0.72582      
39              0.80810         0.70500         0.72626      
40              0.81290         0.70400         0.72725      
41              0.80480         0.71300         0.72609      
42              0.80110         0.71900         0.72680      
43              0.80890         0.70900         0.72597      
44              0.81010         0.70100         0.72624      
45              0.80510         0.71500         0.72733      
46              0.77590         0.70200         0.87440      
47              0.80740         0.68900         0.90740      
48              0.77570         0.61100         0.90738      
49              0.74370         0.74900         0.90511      
0               0.00000         0.00000         39.28375     
./datasets/cifarmnist2_10000.pt dataset not found. Creating dataset...
Files already downloaded and verified
Files already downloaded and verified
epoch           train_acc       test_acc        time         
0               0.84540         0.10000         2.57273      
1               0.84330         0.12200         0.75648      
2               0.84120         0.18800         0.76092      
3               0.86470         0.27100         0.75514      
4               0.86950         0.32500         0.75852      
5               0.86840         0.31200         0.76232      
6               0.87670         0.43300         0.75590      
7               0.88810         0.46800         0.75876      
8               0.88280         0.47200         0.75640      
9               0.90320         0.49200         0.76198      
10              0.90500         0.50500         0.75796      
11              0.91280         0.43700         0.75651      
12              0.92410         0.48100         0.75499      
13              0.92540         0.45300         0.75511      
14              0.94000         0.51300         0.74935      
15              0.87910         0.58200         0.75918      
16              0.84770         0.54300         0.75329      
17              0.84290         0.59100         0.75101      
18              0.82470         0.64500         0.75356      
19              0.80040         0.65100         0.75353      
20              0.78070         0.68400         0.75771      
21              0.78490         0.68500         0.75221      
22              0.78750         0.68600         0.75207      
23              0.77480         0.69200         0.75774      
24              0.77780         0.69700         0.75280      
25              0.78590         0.69200         0.75001      
26              0.78210         0.68400         0.75329      
27              0.78120         0.68800         0.75213      
28              0.78500         0.68700         0.75211      
29              0.78560         0.68700         0.75072      
30              0.78370         0.68600         0.75265      
31              0.78390         0.68700         0.75116      
32              0.78520         0.68700         0.75300      
33              0.78600         0.68700         0.75203      
34              0.78520         0.68600         0.75558      
35              0.78600         0.68700         0.75498      
36              0.78610         0.68600         0.75206      
37              0.78730         0.68600         0.74959      
38              0.78700         0.68600         0.75087      
39              0.78780         0.68500         0.74989      
40              0.78740         0.68500         0.75034      
41              0.78790         0.68500         0.74763      
42              0.78830         0.68500         0.75381      
43              0.78950         0.68500         0.75249      
44              0.78920         0.68100         0.74935      
45              0.78890         0.68200         0.74832      
46              0.76960         0.70400         0.91012      
47              0.70850         0.73000         0.92663      
48              0.66890         0.74000         0.92792      
49              0.71220         0.72500         0.93081      
0               0.00000         0.00000         40.21012     
./datasets/cifarmnist2_10000.pt dataset not found. Creating dataset...
Files already downloaded and verified
Files already downloaded and verified
epoch           train_acc       test_acc        time         
0               0.84320         0.13000         2.58869      
1               0.85240         0.16700         0.76249      
2               0.86350         0.30200         0.75407      
3               0.86820         0.33600         0.75332      
4               0.87380         0.42400         0.75570      
5               0.88780         0.45800         0.76098      
6               0.89010         0.39600         0.74851      
7               0.89090         0.43700         0.75729      
8               0.89450         0.38900         0.75748      
9               0.90620         0.48800         0.76140      
10              0.90900         0.54600         0.75277      
11              0.91130         0.48600         0.74934      
12              0.91140         0.46100         0.75147      
13              0.92880         0.41700         0.75177      
14              0.94700         0.41400         0.75797      
15              0.91000         0.52000         0.74876      
16              0.84360         0.59700         0.75293      
17              0.86090         0.58600         0.75899      
18              0.84980         0.59900         0.74778      
19              0.83380         0.57700         0.74956      
20              0.84880         0.59200         0.75017      
21              0.87750         0.62600         0.75057      
22              0.88220         0.61400         0.75156      
23              0.87230         0.62800         0.74709      
24              0.86830         0.62600         0.75283      
25              0.87380         0.63000         0.74607      
26              0.87230         0.63200         0.75065      
27              0.87090         0.62500         0.74725      
28              0.87380         0.63100         0.75182      
29              0.87330         0.63200         0.75011      
30              0.87280         0.62700         0.74919      
31              0.87430         0.63100         0.75431      
32              0.87380         0.63200         0.74844      
33              0.87330         0.62700         0.75280      
34              0.87480         0.63200         0.74582      
35              0.87450         0.63200         0.75816      
36              0.87390         0.62700         0.74668      
37              0.87510         0.63300         0.75216      
38              0.87490         0.63300         0.74759      
39              0.87390         0.62800         0.74909      
40              0.87580         0.63400         0.74849      
41              0.87560         0.63100         0.74921      
42              0.87380         0.63000         0.74868      
43              0.87670         0.63200         0.75046      
44              0.87610         0.62900         0.75146      
45              0.87340         0.62900         0.74901      
46              0.85030         0.63500         0.89524      
47              0.84630         0.66200         0.93148      
48              0.84290         0.66100         0.91890      
49              0.83750         0.66800         0.93029      
0               0.00000         0.00000         40.11343     
./datasets/cifarmnist2_10000.pt dataset not found. Creating dataset...
Files already downloaded and verified
Files already downloaded and verified
epoch           train_acc       test_acc        time         
0               0.85070         0.14800         2.54758      
1               0.85560         0.15800         0.75078      
2               0.86670         0.34500         0.75059      
3               0.87370         0.34500         0.74421      
4               0.87750         0.45500         0.74806      
5               0.88410         0.44600         0.74329      
6               0.89190         0.40100         0.75170      
7               0.87580         0.38600         0.75054      
8               0.89640         0.48300         0.74804      
9               0.90330         0.40300         0.75064      
10              0.89720         0.48600         0.74571      
11              0.91300         0.48000         0.74853      
12              0.91880         0.50400         0.74775      
13              0.91690         0.46500         0.74814      
14              0.93090         0.50200         0.74835      
15              0.82810         0.58700         0.75109      
16              0.83630         0.62300         0.75165      
17              0.78830         0.61100         0.74812      
18              0.75760         0.58100         0.75169      
19              0.75910         0.60500         0.74958      
20              0.71730         0.52700         0.75232      
21              0.72770         0.54900         0.75005      
22              0.73090         0.55400         0.74558      
23              0.72360         0.53700         0.75121      
24              0.72800         0.55700         0.74871      
25              0.71730         0.66600         0.75350      
26              0.69810         0.67100         0.75063      
27              0.67980         0.46700         0.74997      
28              0.70550         0.61600         0.75319      
29              0.70530         0.67700         0.74547      
30              0.67450         0.65400         0.75076      
31              0.63230         0.52700         0.75331      
32              0.62090         0.49700         0.75176      
33              0.61860         0.49700         0.75233      
34              0.62820         0.54500         0.75181      
35              0.64190         0.69500         0.74719      
36              0.66620         0.70900         0.74736      
37              0.61140         0.69800         0.72108      
38              0.61960         0.63100         0.69396      
39              0.60700         0.71100         0.69096      
40              0.66760         0.70600         0.68663      
41              0.62650         0.71500         0.68720      
42              0.59040         0.70800         0.68647      
43              0.61290         0.72300         0.68698      
44              0.66900         0.69800         0.68690      
45              0.63120         0.71600         0.68822      
46              0.59700         0.65500         0.83886      
47              0.49620         0.70800         0.86555      
48              0.49960         0.73000         0.86604      
49              0.60450         0.61800         0.86502      
0               0.00000         0.00000         39.21143     
./datasets/cifarmnist2_10000.pt dataset not found. Creating dataset...
Files already downloaded and verified
Files already downloaded and verified
epoch           train_acc       test_acc        time         
0               0.84960         0.15900         2.63182      
1               0.85830         0.31300         0.74080      
2               0.85990         0.39100         0.73803      
3               0.86980         0.37800         0.73461      
4               0.87920         0.37700         0.73730      
5               0.87680         0.30400         0.73844      
6               0.88860         0.40400         0.74081      
7               0.89660         0.40200         0.73461      
8               0.91030         0.49300         0.73617      
9               0.92270         0.51900         0.72937      
10              0.91720         0.52000         0.72809      
11              0.91810         0.44800         0.72943      
12              0.94070         0.49300         0.72806      
13              0.93420         0.54200         0.72746      
14              0.93400         0.55700         0.72750      
15              0.90770         0.62700         0.72789      
16              0.82780         0.64700         0.72986      
17              0.85830         0.61600         0.72905      
18              0.86000         0.65600         0.72820      
19              0.87930         0.59900         0.72902      
20              0.88680         0.60800         0.72818      
21              0.87650         0.61300         0.72584      
22              0.87880         0.63500         0.73050      
23              0.86150         0.65700         0.72705      
24              0.86870         0.56400         0.72699      
25              0.85640         0.67100         0.72665      
26              0.88520         0.65600         0.72828      
27              0.88540         0.65200         0.72643      
28              0.88170         0.65000         0.72844      
29              0.87220         0.66100         0.72802      
30              0.87440         0.66200         0.72860      
31              0.87910         0.66200         0.72793      
32              0.87780         0.65500         0.72687      
33              0.87460         0.66100         0.72575      
34              0.87660         0.66500         0.72805      
35              0.87720         0.66000         0.72490      
36              0.87620         0.66100         0.72621      
37              0.87630         0.66300         0.72904      
38              0.87730         0.66100         0.72597      
39              0.87710         0.66000         0.72598      
40              0.87710         0.66100         0.72637      
41              0.87760         0.66000         0.72573      
42              0.87790         0.65900         0.72513      
43              0.87760         0.65800         0.72769      
44              0.87800         0.65900         0.72872      
45              0.87810         0.65900         0.72675      
46              0.85700         0.68100         0.88029      
47              0.85360         0.69700         0.91552      
48              0.86470         0.60400         0.91269      
49              0.84960         0.71200         0.91398      
0               0.00000         0.00000         39.09135     
./datasets/cifarmnist2_10000.pt dataset not found. Creating dataset...
Files already downloaded and verified
Files already downloaded and verified
epoch           train_acc       test_acc        time         
0               0.84540         0.11200         2.57257      
1               0.84890         0.13500         0.74374      
2               0.85120         0.20400         0.74031      
3               0.86080         0.31600         0.73701      
4               0.86930         0.35200         0.74054      
5               0.87130         0.41500         0.74240      
6               0.88370         0.56000         0.73693      
7               0.89130         0.51900         0.73523      
8               0.90580         0.46000         0.74164      
9               0.89380         0.60900         0.74777      
10              0.89810         0.68000         0.74222      
11              0.91050         0.57800         0.74836      
12              0.91080         0.55300         0.74958      
13              0.91910         0.54600         0.74235      
14              0.93210         0.48600         0.74034      
15              0.80610         0.65800         0.74393      
16              0.75090         0.63900         0.75008      
17              0.76830         0.62000         0.74071      
18              0.72710         0.60700         0.73763      
19              0.69830         0.60400         0.74139      
20              0.66500         0.60300         0.74380      
21              0.65460         0.59300         0.74024      
22              0.67030         0.60500         0.74268      
23              0.65970         0.59500         0.74670      
24              0.63540         0.58600         0.74061      
25              0.63840         0.58600         0.74186      
26              0.63950         0.58200         0.74793      
27              0.63840         0.58300         0.74076      
28              0.63870         0.58200         0.74927      
29              0.63890         0.58300         0.74233      
30              0.63890         0.58300         0.74466      
31              0.63900         0.58300         0.74193      
32              0.63910         0.58300         0.74050      
33              0.63920         0.58400         0.74405      
34              0.63940         0.58300         0.74261      
35              0.63950         0.58300         0.74462      
36              0.63950         0.58300         0.74231      
37              0.63980         0.58300         0.73949      
38              0.63990         0.58300         0.74431      
39              0.64000         0.58300         0.74372      
40              0.64000         0.58300         0.74054      
41              0.64020         0.58300         0.74689      
42              0.64050         0.58300         0.73839      
43              0.64090         0.58300         0.73665      
44              0.64100         0.58300         0.74180      
45              0.64110         0.58300         0.74050      
46              0.57970         0.56000         0.88741      
47              0.60180         0.47600         0.92296      
48              0.57840         0.54500         0.91227      
49              0.53830         0.55500         0.91704      
0               0.00000         0.00000         39.63889     
./datasets/cifarmnist2_10000.pt dataset not found. Creating dataset...
Files already downloaded and verified
Files already downloaded and verified
epoch           train_acc       test_acc        time         
0               0.84600         0.11100         2.57581      
1               0.84960         0.12200         0.69425      
2               0.85120         0.12500         0.68094      
3               0.86360         0.30700         0.67980      
4               0.86290         0.27200         0.68347      
5               0.88200         0.42100         0.69058      
6               0.89020         0.53400         0.68129      
7               0.88870         0.47900         0.68100      
8               0.88940         0.48400         0.67916      
9               0.90530         0.43000         0.68085      
10              0.88960         0.53400         0.68060      
11              0.89500         0.55200         0.67812      
12              0.91010         0.43100         0.67878      
13              0.92420         0.50300         0.67806      
14              0.94360         0.49300         0.67895      
15              0.87780         0.55000         0.67907      
16              0.81550         0.57700         0.67867      
17              0.82960         0.57700         0.67829      
18              0.81010         0.61000         0.67972      
19              0.74440         0.63800         0.67819      
20              0.74850         0.72000         0.67870      
21              0.72240         0.73300         0.67975      
22              0.71300         0.72500         0.67818      
23              0.70900         0.73100         0.67815      
24              0.71350         0.72500         0.67696      
25              0.71330         0.72400         0.67808      
26              0.71270         0.72500         0.67933      
27              0.71370         0.72400         0.67817      
28              0.71570         0.72500         0.67864      
29              0.71550         0.72400         0.67958      
30              0.71630         0.72200         0.67726      
31              0.71640         0.72500         0.67995      
32              0.71620         0.72500         0.67879      
33              0.71610         0.72600         0.67796      
34              0.71670         0.72500         0.67895      
35              0.71720         0.72500         0.67829      
36              0.71750         0.72500         0.67746      
37              0.71760         0.72500         0.67761      
38              0.71840         0.72500         0.67641      
39              0.71870         0.72600         0.67608      
40              0.71930         0.72400         0.67698      
41              0.71970         0.72700         0.67709      
42              0.72020         0.72300         0.67745      
43              0.72060         0.72800         0.67576      
44              0.72060         0.72500         0.67786      
45              0.72040         0.72900         0.67716      
46              0.64710         0.76300         0.82403      
47              0.64020         0.77500         0.84814      
48              0.59190         0.78700         0.84728      
49              0.57420         0.79900         0.84892      
0               0.00000         0.00000         36.52631     
./datasets/cifarmnist2_10000.pt dataset not found. Creating dataset...
Files already downloaded and verified
Files already downloaded and verified
epoch           train_acc       test_acc        time         
0               0.84740         0.11300         2.56821      
1               0.84390         0.19100         0.70066      
2               0.85150         0.22700         0.69797      
3               0.84840         0.29400         0.69821      
4               0.86270         0.25100         0.69637      
5               0.86780         0.32300         0.69871      
6               0.87440         0.38100         0.70026      
7               0.87200         0.34500         0.70166      
8               0.87830         0.43500         0.69633      
9               0.89250         0.51100         0.69659      
10              0.90030         0.51000         0.69545      
11              0.89720         0.53000         0.69590      
12              0.90810         0.47200         0.69459      
13              0.91490         0.42700         0.69552      
14              0.91230         0.53300         0.69399      
15              0.84600         0.65200         0.69469      
16              0.71840         0.63200         0.69336      
17              0.71220         0.63300         0.69424      
18              0.72260         0.63000         0.69359      
19              0.71730         0.63700         0.69437      
20              0.72170         0.63700         0.69399      
21              0.72860         0.64200         0.69373      
22              0.72740         0.64300         0.69409      
23              0.72890         0.63800         0.69292      
24              0.73150         0.63600         0.69336      
25              0.72320         0.63200         0.69276      
26              0.71460         0.63100         0.69518      
27              0.66030         0.63400         0.69402      
28              0.56520         0.48200         0.69279      
29              0.64140         0.60200         0.69353      
30              0.59450         0.58200         0.69395      
31              0.58680         0.58700         0.69347      
32              0.58730         0.58900         0.69399      
33              0.58720         0.59100         0.69472      
34              0.58710         0.59200         0.69284      
35              0.58760         0.59000         0.69295      
36              0.58720         0.59100         0.69219      
37              0.58770         0.59000         0.69183      
38              0.58740         0.58700         0.69231      
39              0.58820         0.58900         0.69283      
40              0.58750         0.58800         0.69249      
41              0.58830         0.58700         0.69092      
42              0.58730         0.58600         0.69174      
43              0.58810         0.58500         0.69051      
44              0.58740         0.58100         0.69185      
45              0.58820         0.58500         0.69149      
46              0.56370         0.53200         0.84080      
47              0.55770         0.52100         0.86931      
48              0.43060         0.66400         0.86932      
49              0.54800         0.49500         0.87202      
0               0.00000         0.00000         37.28453     
./datasets/cifarmnist2_10000.pt dataset not found. Creating dataset...
Files already downloaded and verified
Files already downloaded and verified
epoch           train_acc       test_acc        time         
0               0.84780         0.12300         2.54457      
1               0.85140         0.13100         0.75752      
2               0.86130         0.24800         0.75526      
3               0.86010         0.23000         0.75242      
4               0.87180         0.31600         0.75400      
5               0.87660         0.41500         0.75343      
6               0.88310         0.39500         0.75379      
7               0.88720         0.41500         0.75549      
8               0.89770         0.41500         0.75399      
9               0.90400         0.36000         0.75507      
10              0.90750         0.47300         0.75597      
11              0.91240         0.40500         0.75851      
12              0.91270         0.47600         0.70033      
13              0.92260         0.40000         0.69567      
14              0.93730         0.41600         0.72256      
15              0.77610         0.69900         0.75161      
16              0.70750         0.71700         0.75160      
17              0.71280         0.67900         0.74844      
18              0.66060         0.70000         0.75051      
19              0.66440         0.72500         0.75072      
20              0.64260         0.64600         0.74958      
21              0.61380         0.66300         0.74692      
22              0.65860         0.71900         0.75046      
23              0.62580         0.60000         0.75127      
24              0.61960         0.61200         0.74906      
25              0.62100         0.65200         0.74584      
26              0.67240         0.71200         0.74928      
27              0.60730         0.64900         0.74938      
28              0.60440         0.64700         0.74935      
29              0.58090         0.66300         0.74495      
30              0.58430         0.72400         0.74750      
31              0.57860         0.68000         0.74696      
32              0.57650         0.67800         0.74380      
33              0.57670         0.68100         0.74573      
34              0.57850         0.67700         0.74584      
35              0.57910         0.68200         0.74604      
36              0.57950         0.67600         0.74508      
37              0.57940         0.68000         0.74477      
38              0.57960         0.67800         0.74575      
39              0.58100         0.68000         0.74435      
40              0.58100         0.67900         0.74514      
41              0.58160         0.68000         0.74734      
42              0.58220         0.68000         0.74670      
43              0.58260         0.68000         0.74556      
44              0.58310         0.68000         0.74670      
45              0.58370         0.68000         0.74539      
46              0.59970         0.73600         0.90197      
47              0.58770         0.48700         0.93825      
48              0.59100         0.48800         0.94149      
49              0.57080         0.48300         0.93762      
0               0.00000         0.00000         39.87577     
./datasets/cifarmnist2_10000.pt dataset not found. Creating dataset...
Files already downloaded and verified
Files already downloaded and verified
epoch           train_acc       test_acc        time         
0               0.84910         0.10600         2.67639      
1               0.85290         0.15800         0.75416      
2               0.85760         0.25400         0.75619      
3               0.87150         0.30300         0.74926      
4               0.87240         0.30100         0.75457      
5               0.87700         0.36400         0.75046      
6               0.88040         0.31900         0.75119      
7               0.88950         0.36500         0.74892      
8               0.89270         0.35400         0.76637      
9               0.90290         0.45700         0.75276      
10              0.90510         0.43800         0.74552      
11              0.91850         0.48800         0.75176      
12              0.91620         0.56600         0.70318      
13              0.92770         0.44600         0.69215      
14              0.93700         0.44700         0.68267      
15              0.87610         0.56500         0.68358      
16              0.84390         0.62200         0.68113      
17              0.84250         0.59100         0.68316      
18              0.85240         0.61400         0.68457      
19              0.84100         0.62300         0.68573      
20              0.84760         0.62200         0.68521      
21              0.84630         0.61300         0.68514      
22              0.84840         0.60400         0.68561      
23              0.86450         0.62900         0.68530      
24              0.87850         0.60000         0.68620      
25              0.88880         0.59300         0.68796      
26              0.88140         0.59100         0.68721      
27              0.86970         0.60900         0.68731      
28              0.85560         0.65100         0.68546      
29              0.86890         0.64600         0.68513      
30              0.86770         0.65100         0.68539      
31              0.86280         0.64800         0.68401      
32              0.86650         0.64100         0.68528      
33              0.87000         0.64300         0.68946      
34              0.87010         0.64100         0.68527      
35              0.86780         0.64200         0.68532      
36              0.86940         0.64500         0.68478      
37              0.86890         0.64300         0.68365      
38              0.86980         0.64300         0.68226      
39              0.86910         0.64200         0.68438      
40              0.86950         0.64400         0.68471      
41              0.87010         0.64300         0.68453      
42              0.87020         0.64300         0.68369      
43              0.86980         0.64300         0.68339      
44              0.87010         0.64300         0.68476      
45              0.87060         0.64200         0.68500      
46              0.84610         0.65300         0.82954      
47              0.85570         0.61000         0.85695      
48              0.83720         0.67800         0.85613      
49              0.83740         0.67800         0.85439      
0               0.00000         0.00000         37.68311     
